Reading skeleton file "idea-flex.skeleton".
Reading "scala.flex"

Warning in file "scala.flex" (line 237): 
Dangerous lookahead expression, yytext might contain too many characters.
{mNLS} / "case" ({LineTerminator}|{WhiteSpace})+("class" | "object")

Warning in file "scala.flex" (line 246): 
Dangerous lookahead expression, yytext might contain too many characters.
{mNLS} / {specNotFollow} ([:jletter:] | [:jletterdigit:])

Warning in file "scala.flex" (line 260): 
Dangerous lookahead expression, yytext might contain too many characters.
{mNLS} / {floatingPointLiteral}                 {   changeState();

Warning in file "scala.flex" (line 270): 
Dangerous lookahead expression, yytext might contain too many characters.
{mNLS} / {notFollowNewLine}

Warning in file "scala.flex" (line 444): 
Dangerous lookahead expression, yytext might contain too many characters.
{integerLiteral} / "." ({LineTerminator}|{WhiteSpace})* {identifier}
Constructing NFA : 2,292 states in NFA
Converting NFA to DFA : 
..............................................................................................................................................................................................................................................................................................................................................................................................................................................................................................................................................................................................................................................
632 states before minimization, 407 states in minimized DFA
Writing code to "_ScalaCoreLexer.java"
